253

514

536

1161

772

22

602

716

1295

597

1087

990

840

311

682

712

791

399

724

970

400

1048

1380

568

526

21

1056

317

1086

917

1257

829

524

474

1190

1060

422

1256

114

37

517

1226

1098

665

1203

951

965

192

166

152

1225

859

1294

293

478

478

1317

112

290

1153

785

1064

888

381

694

969

836

857

1057

776

227

756

1004

96

457

406

570

1298

673

827

880

293

33

1073

831

1076

358

394

1055

1142

688

1355

1326

889

1360

429

181

1126

99

772

1388

624

508

572

1386

778

137

999

91

530

1062

206

424

35

1151

70

299

1299

820

456

820

701

722

1141

691

189

1121

524

1344

1348

462

299

1008

493

760

193

94

26

934

1089

735

850

865

568

37

564

959

836

1020

307

1262

122

294

883

31

1139

1260

439

1205

745

427

1140

1376

430

96

1148

1173

951

503

254

745

538

1139

296

282

1140

762

878

1021

1082

1210

617

818

160

205

488

1018

1154

862

482

1183

1155

1080

895

831

606

738

804

1099

834

437

408

551

383

482

1367

1251

915

277

713

1082

979

1433

696

801

1432

125

475

926

247

527

1081

1013

779

1414

1128

804

1157

931

1285

570

845

1174

1326

1332

471

1064

254

1266

1364

292

50

803

344

432

84

1070

631

902

993

686

1162

656

890

1417

267

1007

339

268

31

453

1056

109

404

804

672

143

1199

920

1242

1429

918

1076

38

546

891

667

98

1362

462

953

1147

292

183

790

1160

1224

942

656

812

225

644

79

1082

1139

861

1008

1436

385

1110

834

353

506

890

693

475

775

1442

1076

197

1285

1333

880

1120

302

344

561

221

505

71

825

234

1043

1040

1147

1306

365

973

1217

641

151

503

772

295

1337

941

772

1270

642

1008

392

673

415

1171

1193

340

781

38

688

814

1261

612

94

702

1394

1323

1438

509

957

1229

1052

644

62

202

1292

150

182

742

1023

1445

295

779

467

300

931

457

253

516

1134

1359

1095

128

1106

74

774

206

845

54

172

305

671

764

414

560

410

645

275

84

110

824

1399

808

687

77

1278

389

1092

271

541

1369

525

65

206

26

763

850

538

483

996

525

341

857

157

359

778

1355

1378

92

425

1068

1109

704

448

333

954

300

242

1375

350

403

1281

455

893

906

1417

374

565

360

973

32

1123

1243

832

786

73

1126

49

199

118

1371

166

741

817

1208

1093

1049

509

903

450

84

454

478

778

81

141

879

688

1290

633

580

81

753

689

212

1161

558

740

850

101

395

1104

1059

779

1001

193

1307

485

1248

346

610

1013

547

1242

1204

367

1246

69

1419

455

718

64

848

758

608

724

1038

853

900

605

177

668

1110

39

439

774

157

797

606

63

646

946

576

24

328

931

277

663

1277

358

517

465

240

914

1391

435

790

1219

527

1360

1155

1251

904

410

510

1317

423

342

208

24

993

609

525

97

1123

1082

1079

664

1359

34

167

1210

96

589

196

842

485

1010

295

946

569

279

866

418

494

691

168

267

1079

1249

199

1098

1301

393

522

514

697

60

835

856

772

1058

39

737

292

428

1396

669

948

1087

850

701

929

516

620

385

874

597

805

116

1378

857

360

703

1312

601

545

860

637

1279

475

126

730

645

1406

1137

615

239

1032

833

547

1039

924

444

633

72

153

889

521

1023

124

931

59

184

865

171

154

109

1012

408

212

1171

1450

480

587

315

1114

570

810

752

1335

738

1452

296

1015

832

1223

1269

191

283

483

341

709

58

1336

35

1348

247

1387

268

508

438

734

738

199

704

1307

743

510

73

1420

1213

425

820

130

865

304

466

385

123

165

1318

1189

299

479

714

1290

731

939

1160

677

224

1267

545

1314

1272

1441

1251

456

1063

335

79

38

482

515

554

746

625

1110

275

116

770

1155

436

797

427

363

1300

119

584

1172

346

1259

104

863

308

1339

214

526

1054

142

1269

1407

981

1281

1308

1154

491

1116

414

996

698

1117

634

1413

85

1149

262

417

1252

1220

151

609

356

957

1080

581

1163

979

925

511

1398

1369

758

855

880

1281

413

400

1126

685

462

24

84

1191

763

222

828

44

1189

828

321

554

1401

1333

654

797

419

379

1280

1130

534

155

697

150

714

1264

718

476

1079

127

288

512

63

1043

874

434

1415

1261

944

593

672

903

756

1301

1308

972

231

275

150

830

141

1070

429

1015

521

1379

1128

595

720

303

697

247

763

1350

454

711

175

262

358

53

663

975

271

747

135

382

1415

639

672

756

1168

167

641

607

519

1087

97

1442

858

127

1092

879

750

273

1244

1176

632

1169

1214

653

541

1227

980

1067

384

362

436

330

901

1179

582

611

1243

1432

137

382

723

1274

256

1187

946

443

199

59

754

696

1163

186

1207

349

1054

855

29

224

1022

727

885

1167

928

877

54

233

522

438

917

877

995

1024

25

59

1198

713

359

406

1086

766

400

1207

410

1068

790

1060

755

306

407

1340

1012

221

1207

1225

97

855

479

1169

401

23039

22558

22448

22589

25054

22137

23379

24288

27263

26871

23680

26239

26832

26666

22462

26766

22341

22437

26644

23949

25502

25467

23194

23293

22412

